<?xml version="1.0" encoding="UTF-8"?>
<!-- Generated by org.testng.reporters.JUnitReportReporter -->
<testsuite hostname="DESKTOP-4L6TF0K" failures="0" tests="4" name="bigproject.testbig" time="12.919" errors="0" timestamp="2025-09-13T23:09:17 EET" skipped="0">
  <testcase classname="bigproject.testbig" name="signup" time="7.427"/>
  <testcase classname="bigproject.testbig" name="logout" time="1.290"/>
  <testcase classname="bigproject.testbig" name="Login" time="1.954"/>
  <testcase classname="bigproject.testbig" name="additmes" time="2.248"/>
</testsuite> <!-- bigproject.testbig -->
