<?xml version="1.0" encoding="UTF-8"?>
<!-- Generated by org.testng.reporters.JUnitReportReporter -->
<testsuite hostname="DESKTOP-4L6TF0K" failures="0" tests="4" name="bigproject.testbig" time="6.905" errors="0" timestamp="2025-09-15T03:22:58 EET" skipped="3">
  <testcase classname="bigproject.testbig" name="additmes" time="6.905"/>
  <testcase classname="bigproject.testbig" name="Login">
    <skipped/>
  </testcase> <!-- Login -->
  <testcase classname="bigproject.testbig" name="signup">
    <skipped/>
  </testcase> <!-- signup -->
  <testcase classname="bigproject.testbig" name="logout">
    <skipped/>
  </testcase> <!-- logout -->
</testsuite> <!-- bigproject.testbig -->
