<?xml version="1.0" encoding="UTF-8"?>
<!-- Generated by org.testng.reporters.JUnitReportReporter -->
<testsuite hostname="DESKTOP-4L6TF0K" failures="0" tests="4" name="bigproject.testbig" time="0.000" errors="0" timestamp="2025-09-20T21:05:19 EET" skipped="4">
  <testcase classname="bigproject.testbig" name="signup" time="0.000">
    <skipped/>
  </testcase> <!-- signup -->
  <testcase classname="bigproject.testbig" name="logout" time="0.000">
    <skipped/>
  </testcase> <!-- logout -->
  <testcase classname="bigproject.testbig" name="Login" time="0.000">
    <skipped/>
  </testcase> <!-- Login -->
  <testcase classname="bigproject.testbig" name="additmes" time="0.000">
    <skipped/>
  </testcase> <!-- additmes -->
</testsuite> <!-- bigproject.testbig -->
